[debug] [2025-09-06T15:09:09.543Z] ----------------------------------------------------------------------
[debug] [2025-09-06T15:09:09.548Z] Command:       C:\Program Files\nodejs\node.exe C:\Users\Harsh\AppData\Roaming\npm\node_modules\firebase-tools\lib\bin\firebase.js init
[debug] [2025-09-06T15:09:09.549Z] CLI Version:   14.15.2
[debug] [2025-09-06T15:09:09.549Z] Platform:      win32
[debug] [2025-09-06T15:09:09.549Z] Node Version:  v22.13.0
[debug] [2025-09-06T15:09:09.550Z] Time:          Sat Sep 06 2025 20:39:09 GMT+0530 (India Standard Time)
[debug] [2025-09-06T15:09:09.550Z] ----------------------------------------------------------------------
[debug] 
[debug] [2025-09-06T15:09:09.553Z] >>> [apiv2][query] GET https://firebase-public.firebaseio.com/cli.json [none]
[debug] [2025-09-06T15:09:09.620Z] > command requires scopes: ["email","openid","https://www.googleapis.com/auth/cloudplatformprojects.readonly","https://www.googleapis.com/auth/firebase","https://www.googleapis.com/auth/cloud-platform"]
[debug] [2025-09-06T15:09:09.620Z] > authorizing via signed-in user (flipama833@gmail.com)
[info] 
     ######## #### ########  ######## ########     ###     ######  ########
     ##        ##  ##     ## ##       ##     ##  ##   ##  ##       ##
     ######    ##  ########  ######   ########  #########  ######  ######
     ##        ##  ##    ##  ##       ##     ## ##     ##       ## ##
     ##       #### ##     ## ######## ########  ##     ##  ######  ########

You're about to initialize a Firebase project in this directory:

  D:\Hacathon\Whole_Project\SmartPay\frontend

[debug] [2025-09-06T15:09:10.342Z] <<< [apiv2][status] GET https://firebase-public.firebaseio.com/cli.json 200
[debug] [2025-09-06T15:09:10.342Z] <<< [apiv2][body] GET https://firebase-public.firebaseio.com/cli.json {"cloudBuildErrorAfter":1594252800000,"cloudBuildWarnAfter":1590019200000,"defaultNode10After":1594252800000,"minVersion":"3.0.5","node8DeploysDisabledAfter":1613390400000,"node8RuntimeDisabledAfter":1615809600000,"node8WarnAfter":1600128000000}
[debug] [2025-09-06T15:10:59.000Z] ExitPromptError: User force closed the prompt with SIGINT
    at Interface.sigint (C:\Users\Harsh\AppData\Roaming\npm\node_modules\firebase-tools\node_modules\@inquirer\core\dist\commonjs\lib\create-prompt.js:101:37)
    at Interface.emit (node:events:524:28)
    at Interface.emit (node:domain:489:12)
    at [_ttyWrite] [as _ttyWrite] (node:internal/readline/interface:1124:18)
    at ReadStream.onkeypress (node:internal/readline/interface:263:20)
    at ReadStream.emit (node:events:536:35)
    at ReadStream.emit (node:domain:489:12)
    at emitKeys (node:internal/readline/utils:370:14)
    at emitKeys.next (<anonymous>)
    at ReadStream.onData (node:internal/readline/emitKeypressEvents:64:36)
[error] 
[error] Error: An unexpected error has occurred.
